  Renderer.cpp
d:\programs\enginedx\include\dxgitype.h(12): warning C4005: 'DXGI_STATUS_OCCLUDED': macro redefinition
  c:\program files (x86)\windows kits\10\include\10.0.17763.0\shared\winerror.h(55460): note: see previous definition of 'DXGI_STATUS_OCCLUDED'
d:\programs\enginedx\include\dxgitype.h(13): warning C4005: 'DXGI_STATUS_CLIPPED': macro redefinition
  c:\program files (x86)\windows kits\10\include\10.0.17763.0\shared\winerror.h(55469): note: see previous definition of 'DXGI_STATUS_CLIPPED'
d:\programs\enginedx\include\dxgitype.h(14): warning C4005: 'DXGI_STATUS_NO_REDIRECTION': macro redefinition
  c:\program files (x86)\windows kits\10\include\10.0.17763.0\shared\winerror.h(55478): note: see previous definition of 'DXGI_STATUS_NO_REDIRECTION'
d:\programs\enginedx\include\dxgitype.h(15): warning C4005: 'DXGI_STATUS_NO_DESKTOP_ACCESS': macro redefinition
  c:\program files (x86)\windows kits\10\include\10.0.17763.0\shared\winerror.h(55487): note: see previous definition of 'DXGI_STATUS_NO_DESKTOP_ACCESS'
d:\programs\enginedx\include\dxgitype.h(16): warning C4005: 'DXGI_STATUS_GRAPHICS_VIDPN_SOURCE_IN_USE': macro redefinition
  c:\program files (x86)\windows kits\10\include\10.0.17763.0\shared\winerror.h(55496): note: see previous definition of 'DXGI_STATUS_GRAPHICS_VIDPN_SOURCE_IN_USE'
d:\programs\enginedx\include\dxgitype.h(17): warning C4005: 'DXGI_STATUS_MODE_CHANGED': macro redefinition
  c:\program files (x86)\windows kits\10\include\10.0.17763.0\shared\winerror.h(55505): note: see previous definition of 'DXGI_STATUS_MODE_CHANGED'
d:\programs\enginedx\include\dxgitype.h(18): warning C4005: 'DXGI_STATUS_MODE_CHANGE_IN_PROGRESS': macro redefinition
  c:\program files (x86)\windows kits\10\include\10.0.17763.0\shared\winerror.h(55514): note: see previous definition of 'DXGI_STATUS_MODE_CHANGE_IN_PROGRESS'
d:\programs\enginedx\include\dxgitype.h(21): warning C4005: 'DXGI_ERROR_INVALID_CALL': macro redefinition
  c:\program files (x86)\windows kits\10\include\10.0.17763.0\shared\winerror.h(55529): note: see previous definition of 'DXGI_ERROR_INVALID_CALL'
d:\programs\enginedx\include\dxgitype.h(22): warning C4005: 'DXGI_ERROR_NOT_FOUND': macro redefinition
  c:\program files (x86)\windows kits\10\include\10.0.17763.0\shared\winerror.h(55538): note: see previous definition of 'DXGI_ERROR_NOT_FOUND'
d:\programs\enginedx\include\dxgitype.h(23): warning C4005: 'DXGI_ERROR_MORE_DATA': macro redefinition
  c:\program files (x86)\windows kits\10\include\10.0.17763.0\shared\winerror.h(55547): note: see previous definition of 'DXGI_ERROR_MORE_DATA'
d:\programs\enginedx\include\dxgitype.h(24): warning C4005: 'DXGI_ERROR_UNSUPPORTED': macro redefinition
  c:\program files (x86)\windows kits\10\include\10.0.17763.0\shared\winerror.h(55556): note: see previous definition of 'DXGI_ERROR_UNSUPPORTED'
d:\programs\enginedx\include\dxgitype.h(25): warning C4005: 'DXGI_ERROR_DEVICE_REMOVED': macro redefinition
  c:\program files (x86)\windows kits\10\include\10.0.17763.0\shared\winerror.h(55565): note: see previous definition of 'DXGI_ERROR_DEVICE_REMOVED'
d:\programs\enginedx\include\dxgitype.h(26): warning C4005: 'DXGI_ERROR_DEVICE_HUNG': macro redefinition
  c:\program files (x86)\windows kits\10\include\10.0.17763.0\shared\winerror.h(55574): note: see previous definition of 'DXGI_ERROR_DEVICE_HUNG'
d:\programs\enginedx\include\dxgitype.h(27): warning C4005: 'DXGI_ERROR_DEVICE_RESET': macro redefinition
  c:\program files (x86)\windows kits\10\include\10.0.17763.0\shared\winerror.h(55584): note: see previous definition of 'DXGI_ERROR_DEVICE_RESET'
d:\programs\enginedx\include\dxgitype.h(28): warning C4005: 'DXGI_ERROR_WAS_STILL_DRAWING': macro redefinition
  c:\program files (x86)\windows kits\10\include\10.0.17763.0\shared\winerror.h(55593): note: see previous definition of 'DXGI_ERROR_WAS_STILL_DRAWING'
d:\programs\enginedx\include\dxgitype.h(29): warning C4005: 'DXGI_ERROR_FRAME_STATISTICS_DISJOINT': macro redefinition
  c:\program files (x86)\windows kits\10\include\10.0.17763.0\shared\winerror.h(55603): note: see previous definition of 'DXGI_ERROR_FRAME_STATISTICS_DISJOINT'
d:\programs\enginedx\include\dxgitype.h(30): warning C4005: 'DXGI_ERROR_GRAPHICS_VIDPN_SOURCE_IN_USE': macro redefinition
  c:\program files (x86)\windows kits\10\include\10.0.17763.0\shared\winerror.h(55612): note: see previous definition of 'DXGI_ERROR_GRAPHICS_VIDPN_SOURCE_IN_USE'
d:\programs\enginedx\include\dxgitype.h(31): warning C4005: 'DXGI_ERROR_DRIVER_INTERNAL_ERROR': macro redefinition
  c:\program files (x86)\windows kits\10\include\10.0.17763.0\shared\winerror.h(55622): note: see previous definition of 'DXGI_ERROR_DRIVER_INTERNAL_ERROR'
d:\programs\enginedx\include\dxgitype.h(32): warning C4005: 'DXGI_ERROR_NONEXCLUSIVE': macro redefinition
  c:\program files (x86)\windows kits\10\include\10.0.17763.0\shared\winerror.h(55631): note: see previous definition of 'DXGI_ERROR_NONEXCLUSIVE'
d:\programs\enginedx\include\dxgitype.h(33): warning C4005: 'DXGI_ERROR_NOT_CURRENTLY_AVAILABLE': macro redefinition
  c:\program files (x86)\windows kits\10\include\10.0.17763.0\shared\winerror.h(55640): note: see previous definition of 'DXGI_ERROR_NOT_CURRENTLY_AVAILABLE'
d:\programs\enginedx\include\dxgitype.h(34): warning C4005: 'DXGI_ERROR_REMOTE_CLIENT_DISCONNECTED': macro redefinition
  c:\program files (x86)\windows kits\10\include\10.0.17763.0\shared\winerror.h(55650): note: see previous definition of 'DXGI_ERROR_REMOTE_CLIENT_DISCONNECTED'
d:\programs\enginedx\include\dxgitype.h(35): warning C4005: 'DXGI_ERROR_REMOTE_OUTOFMEMORY': macro redefinition
  c:\program files (x86)\windows kits\10\include\10.0.17763.0\shared\winerror.h(55659): note: see previous definition of 'DXGI_ERROR_REMOTE_OUTOFMEMORY'
d:\programs\enginedx\include\d3d11.h(917): warning C4005: 'D3D11_ERROR_TOO_MANY_UNIQUE_STATE_OBJECTS': macro redefinition
  c:\program files (x86)\windows kits\10\include\10.0.17763.0\shared\winerror.h(55923): note: see previous definition of 'D3D11_ERROR_TOO_MANY_UNIQUE_STATE_OBJECTS'
d:\programs\enginedx\include\d3d11.h(918): warning C4005: 'D3D11_ERROR_FILE_NOT_FOUND': macro redefinition
  c:\program files (x86)\windows kits\10\include\10.0.17763.0\shared\winerror.h(55932): note: see previous definition of 'D3D11_ERROR_FILE_NOT_FOUND'
d:\programs\enginedx\include\d3d11.h(919): warning C4005: 'D3D11_ERROR_TOO_MANY_UNIQUE_VIEW_OBJECTS': macro redefinition
  c:\program files (x86)\windows kits\10\include\10.0.17763.0\shared\winerror.h(55942): note: see previous definition of 'D3D11_ERROR_TOO_MANY_UNIQUE_VIEW_OBJECTS'
d:\programs\enginedx\include\d3d11.h(920): warning C4005: 'D3D11_ERROR_DEFERRED_CONTEXT_MAP_WITHOUT_INITIAL_DISCARD': macro redefinition
  c:\program files (x86)\windows kits\10\include\10.0.17763.0\shared\winerror.h(55951): note: see previous definition of 'D3D11_ERROR_DEFERRED_CONTEXT_MAP_WITHOUT_INITIAL_DISCARD'
d:\programs\enginedx\include\d3d10.h(608): warning C4005: 'D3D10_ERROR_TOO_MANY_UNIQUE_STATE_OBJECTS': macro redefinition
  c:\program files (x86)\windows kits\10\include\10.0.17763.0\shared\winerror.h(55899): note: see previous definition of 'D3D10_ERROR_TOO_MANY_UNIQUE_STATE_OBJECTS'
d:\programs\enginedx\include\d3d10.h(609): warning C4005: 'D3D10_ERROR_FILE_NOT_FOUND': macro redefinition
  c:\program files (x86)\windows kits\10\include\10.0.17763.0\shared\winerror.h(55908): note: see previous definition of 'D3D10_ERROR_FILE_NOT_FOUND'
  Renderer.vcxproj -> D:\Programs\EngineDX\Debug\Renderer.lib
